<?xml version="1.0" encoding="UTF-8"?>
<!-- Generated by org.testng.reporters.JUnitXMLReporter -->
<testsuite hostname="EPAMYERW0037" ignored="14" name="Calculator" tests="30" failures="0" timestamp="06 Jun 2017 13:18:20 GMT" time="0.067" errors="0">
  <testcase name="testSum" time="0.011" classname="runner.CalclulatorTest"/>
  <testcase name="testSinDouble0" time="0.011" classname="runner.CalculatorSinTest"/>
  <testcase name="testSum" time="0.012" classname="runner.CalclulatorTest"/>
  <testcase name="testSum" time="0.016" classname="runner.CalclulatorTest"/>
  <testcase name="testPowDouble" time="0.003" classname="runner.CalculatorPowTest"/>
  <testcase name="testPowDouble" time="0.002" classname="runner.CalculatorPowTest"/>
  <testcase name="testPowDouble" time="0.003" classname="runner.CalculatorPowTest"/>
  <testcase name="testDivByZero" time="0.001" classname="runner.CalculatorDivTest"/>
  <testcase name="testDiv" time="0.0" classname="runner.CalculatorDivTest"/>
  <testcase name="testDivByZero" time="0.0" classname="runner.CalculatorDivTest"/>
  <testcase name="testDiv" time="0.0" classname="runner.CalculatorDivTest"/>
  <testcase name="testIsNegative0" time="0.0" classname="runner.CalculatorIsNegativeTest"/>
  <testcase name="testDivByZero" time="0.0" classname="runner.CalculatorDivTest"/>
  <testcase name="testIsPositive" time="0.0" classname="runner.CalculatorIsPositiveTest"/>
  <testcase name="testIsPositive" time="0.002" classname="runner.CalculatorIsPositiveTest"/>
  <testcase name="testMultDouble" time="0.0" classname="runner.CalculatorMultDoubleTest"/>
  <testcase name="testIsPositive" time="0.001" classname="runner.CalculatorIsPositiveTest"/>
  <testcase name="testMultDouble" time="0.0" classname="runner.CalculatorMultDoubleTest"/>
  <testcase name="testMultLong" time="0.001" classname="runner.CalculatorMultLongTest"/>
  <testcase name="testMultDouble" time="0.001" classname="runner.CalculatorMultDoubleTest"/>
  <testcase name="testMultLong" time="0.0" classname="runner.CalculatorMultLongTest"/>
  <testcase name="testSubDouble" time="0.0" classname="runner.CalculatorSubDoubleTest"/>
  <testcase name="testMultLong" time="0.002" classname="runner.CalculatorMultLongTest"/>
  <testcase name="testSub" time="0.0" classname="runner.CalculatorSubLongTest"/>
  <testcase name="testSubDouble" time="0.0" classname="runner.CalculatorSubDoubleTest"/>
  <testcase name="testSub" time="0.0" classname="runner.CalculatorSubLongTest"/>
  <testcase name="testSub" time="0.0" classname="runner.CalculatorSubLongTest"/>
  <testcase name="testSumDouble" time="0.0" classname="runner.CalculatorSumDoubleTest"/>
  <testcase name="testSumDouble" time="0.0" classname="runner.CalculatorSumDoubleTest"/>
  <testcase name="testDiv" time="0.001" classname="runner.CalculatorDivTest"/>
  <testcase name="testTgDouble" time="0.0" classname="runner.CalculatorTgTest">
    <ignored/>
  </testcase> <!-- testTgDouble -->
  <testcase name="testCosDouble" time="0.0" classname="runner.CalculatorCosTest">
    <ignored/>
  </testcase> <!-- testCosDouble -->
  <testcase name="testCosDouble" time="0.0" classname="runner.CalculatorCosTest">
    <ignored/>
  </testcase> <!-- testCosDouble -->
  <testcase name="testCosDouble" time="0.0" classname="runner.CalculatorCosTest">
    <ignored/>
  </testcase> <!-- testCosDouble -->
  <testcase name="testCosDouble" time="0.0" classname="runner.CalculatorCosTest">
    <ignored/>
  </testcase> <!-- testCosDouble -->
  <testcase name="testCosDouble" time="0.0" classname="runner.CalculatorCosTest">
    <ignored/>
  </testcase> <!-- testCosDouble -->
  <testcase name="testCosDouble" time="0.0" classname="runner.CalculatorCosTest">
    <ignored/>
  </testcase> <!-- testCosDouble -->
  <testcase name="testDivDouble" time="0.0" classname="runner.CalculatorDivDoubleTest">
    <ignored/>
  </testcase> <!-- testDivDouble -->
  <testcase name="testTg90" time="0.0" classname="runner.CalculatorTgTest">
    <ignored/>
  </testcase> <!-- testTg90 -->
  <testcase name="testCtgDouble" time="0.0" classname="runner.CalculatorCtgTest">
    <ignored/>
  </testcase> <!-- testCtgDouble -->
  <testcase name="testTg90" time="0.0" classname="runner.CalculatorCtgTest">
    <ignored/>
  </testcase> <!-- testTg90 -->
  <testcase name="testSinDouble" time="0.0" classname="runner.CalculatorSinTest">
    <ignored/>
  </testcase> <!-- testSinDouble -->
  <testcase name="testDivDoubleByZero" time="0.0" classname="runner.CalculatorDivDoubleTest">
    <ignored/>
  </testcase> <!-- testDivDoubleByZero -->
  <testcase name="testIsNegative" time="0.0" classname="runner.CalculatorIsNegativeTest">
    <ignored/>
  </testcase> <!-- testIsNegative -->
</testsuite> <!-- Calculator -->
